<?xml version="1.0" encoding="UTF-8"?>
<testsuite name="com.clean.newsapp.data.remote.datasource.RemoteDataSourceTest" tests="1" skipped="0" failures="0" errors="0" timestamp="2023-06-14T14:14:36" hostname="LIN80022458" time="0.056">
  <properties/>
  <testcase name="test fetch news feed from remote success scenario" classname="com.clean.newsapp.data.remote.datasource.RemoteDataSourceTest" time="0.056"/>
  <system-out><![CDATA[]]></system-out>
  <system-err><![CDATA[]]></system-err>
</testsuite>
