<?xml version="1.0" encoding="UTF-8"?>
<testsuite name="com.clean.newsapp.data.repository.impl.NewsFeedRepositoryTest" tests="4" skipped="0" failures="0" errors="0" timestamp="2023-06-14T14:14:37" hostname="LIN80022458" time="0.158">
  <properties/>
  <testcase name="test save news feed in local cache" classname="com.clean.newsapp.data.repository.impl.NewsFeedRepositoryTest" time="0.129"/>
  <testcase name="test fetch news feed remote returns success" classname="com.clean.newsapp.data.repository.impl.NewsFeedRepositoryTest" time="0.008"/>
  <testcase name="test news feed local cache available returns true" classname="com.clean.newsapp.data.repository.impl.NewsFeedRepositoryTest" time="0.009"/>
  <testcase name="test fetch news feed local returns news success" classname="com.clean.newsapp.data.repository.impl.NewsFeedRepositoryTest" time="0.011"/>
  <system-out><![CDATA[]]></system-out>
  <system-err><![CDATA[]]></system-err>
</testsuite>
