<?xml version="1.0" encoding="UTF-8"?>
<testsuite name="com.clean.newsapp.domain.usecase.impl.GetNewsItemByIdUseCaseImplTest" tests="2" skipped="0" failures="0" errors="0" timestamp="2023-06-14T14:14:37" hostname="LIN80022458" time="0.016">
  <properties/>
  <testcase name="test get news item by id success" classname="com.clean.newsapp.domain.usecase.impl.GetNewsItemByIdUseCaseImplTest" time="0.01"/>
  <testcase name="test get news item by id failure" classname="com.clean.newsapp.domain.usecase.impl.GetNewsItemByIdUseCaseImplTest" time="0.006"/>
  <system-out><![CDATA[]]></system-out>
  <system-err><![CDATA[]]></system-err>
</testsuite>
